<?xml version="1.0" encoding="UTF-8"?>
<testsuite xmlns:xsi="http://www.w3.org/2001/XMLSchema-instance" xsi:noNamespaceSchemaLocation="https://maven.apache.org/surefire/maven-surefire-plugin/xsd/surefire-test-report.xsd" version="3.0.2" name="com.example.whatsaiassistcode.user.UserControllerTest" time="3.033" tests="9" errors="0" skipped="0" failures="0" flakes="0">
  <properties>
[...]
</properties>
  <testcase name="createReturnsBadRequestWhenPayloadIsInvalid" classname="com.example.whatsaiassistcode.user.UserControllerTest" time="2.689">
    <system-out><![CDATA[19:25:16.190 [main] INFO org.hibernate.validator.internal.util.Version -- HV000001: Hibernate Validator 9.0.1.Final
19:25:17.226 [main] INFO org.springframework.mock.web.MockServletContext -- Initializing Spring TestDispatcherServlet ''
19:25:17.228 [main] INFO org.springframework.test.web.servlet.TestDispatcherServlet -- Initializing Servlet ''
19:25:17.233 [main] INFO org.springframework.test.web.servlet.TestDispatcherServlet -- Completed initialization in 4 ms
]]></system-out>
  </testcase>
  <testcase name="updateReturnsUpdatedUser" classname="com.example.whatsaiassistcode.user.UserControllerTest" time="0.076">
    <system-out><![CDATA[19:25:17.691 [main] INFO org.springframework.mock.web.MockServletContext -- Initializing Spring TestDispatcherServlet ''
19:25:17.691 [main] INFO org.springframework.test.web.servlet.TestDispatcherServlet -- Initializing Servlet ''
19:25:17.691 [main] INFO org.springframework.test.web.servlet.TestDispatcherServlet -- Completed initialization in 0 ms
]]></system-out>
  </testcase>
  <testcase name="findAllReturnsPagedUsers" classname="com.example.whatsaiassistcode.user.UserControllerTest" time="0.047">
    <system-out><![CDATA[19:25:17.765 [main] INFO org.springframework.mock.web.MockServletContext -- Initializing Spring TestDispatcherServlet ''
19:25:17.765 [main] INFO org.springframework.test.web.servlet.TestDispatcherServlet -- Initializing Servlet ''
19:25:17.765 [main] INFO org.springframework.test.web.servlet.TestDispatcherServlet -- Completed initialization in 0 ms
19:25:17.779 [main] WARN org.springframework.data.web.config.SpringDataJackson3Configuration$PageModule$WarningLoggingModifier -- Serializing PageImpl instances as-is is not supported, meaning that there is no guarantee about the stability of the resulting JSON structure!
	For a stable JSON structure, please use Spring Data's PagedModel (globally via @EnableSpringDataWebSupport(pageSerializationMode = VIA_DTO))
	or Spring HATEOAS and Spring Data's PagedResourcesAssembler as documented in https://docs.spring.io/spring-data/commons/reference/repositories/core-extensions.html#core.web.pageables.

]]></system-out>
  </testcase>
  <testcase name="deleteReturnsNotFoundWhenServiceThrows" classname="com.example.whatsaiassistcode.user.UserControllerTest" time="0.03">
    <system-out><![CDATA[19:25:17.817 [main] INFO org.springframework.mock.web.MockServletContext -- Initializing Spring TestDispatcherServlet ''
19:25:17.817 [main] INFO org.springframework.test.web.servlet.TestDispatcherServlet -- Initializing Servlet ''
19:25:17.817 [main] INFO org.springframework.test.web.servlet.TestDispatcherServlet -- Completed initialization in 0 ms
]]></system-out>
  </testcase>
  <testcase name="findByIdReturnsNotFoundWhenServiceThrows" classname="com.example.whatsaiassistcode.user.UserControllerTest" time="0.027">
    <system-out><![CDATA[19:25:17.850 [main] INFO org.springframework.mock.web.MockServletContext -- Initializing Spring TestDispatcherServlet ''
19:25:17.851 [main] INFO org.springframework.test.web.servlet.TestDispatcherServlet -- Initializing Servlet ''
19:25:17.851 [main] INFO org.springframework.test.web.servlet.TestDispatcherServlet -- Completed initialization in 0 ms
]]></system-out>
  </testcase>
  <testcase name="deleteReturnsNoContent" classname="com.example.whatsaiassistcode.user.UserControllerTest" time="0.032">
    <system-out><![CDATA[19:25:17.876 [main] INFO org.springframework.mock.web.MockServletContext -- Initializing Spring TestDispatcherServlet ''
19:25:17.876 [main] INFO org.springframework.test.web.servlet.TestDispatcherServlet -- Initializing Servlet ''
19:25:17.876 [main] INFO org.springframework.test.web.servlet.TestDispatcherServlet -- Completed initialization in 0 ms
]]></system-out>
  </testcase>
  <testcase name="createReturnsCreatedUser" classname="com.example.whatsaiassistcode.user.UserControllerTest" time="0.034">
    <system-out><![CDATA[19:25:17.914 [main] INFO org.springframework.mock.web.MockServletContext -- Initializing Spring TestDispatcherServlet ''
19:25:17.914 [main] INFO org.springframework.test.web.servlet.TestDispatcherServlet -- Initializing Servlet ''
19:25:17.914 [main] INFO org.springframework.test.web.servlet.TestDispatcherServlet -- Completed initialization in 0 ms
]]></system-out>
  </testcase>
  <testcase name="findByIdReturnsUser" classname="com.example.whatsaiassistcode.user.UserControllerTest" time="0.024">
    <system-out><![CDATA[19:25:17.945 [main] INFO org.springframework.mock.web.MockServletContext -- Initializing Spring TestDispatcherServlet ''
19:25:17.945 [main] INFO org.springframework.test.web.servlet.TestDispatcherServlet -- Initializing Servlet ''
19:25:17.946 [main] INFO org.springframework.test.web.servlet.TestDispatcherServlet -- Completed initialization in 0 ms
]]></system-out>
  </testcase>
  <testcase name="updateReturnsBadRequestWhenPayloadIsInvalid" classname="com.example.whatsaiassistcode.user.UserControllerTest" time="0.03">
    <system-out><![CDATA[19:25:17.971 [main] INFO org.springframework.mock.web.MockServletContext -- Initializing Spring TestDispatcherServlet ''
19:25:17.972 [main] INFO org.springframework.test.web.servlet.TestDispatcherServlet -- Initializing Servlet ''
19:25:17.972 [main] INFO org.springframework.test.web.servlet.TestDispatcherServlet -- Completed initialization in 0 ms
]]></system-out>
  </testcase>
</testsuite>